2019-02-19 15:09:17
<xml><ToUserName><![CDATA[gh_9f3086a3aed4]]></ToUserName>
<FromUserName><![CDATA[o3hRJ6Co-bPbeUp9mnbJ6ESLIByk]]></FromUserName>
<CreateTime>1550560140</CreateTime>
<MsgType><![CDATA[event]]></MsgType>
<Event><![CDATA[CLICK]]></Event>
<EventKey><![CDATA[kefu01]]></EventKey>
</xml>
<<<<<<<2019-02-19 19:12:59
<xml><ToUserName><![CDATA[gh_9f3086a3aed4]]></ToUserName>
<FromUserName><![CDATA[o3hRJ6Co-bPbeUp9mnbJ6ESLIByk]]></FromUserName>
<CreateTime>1550574742</CreateTime>
<MsgType><![CDATA[event]]></MsgType>
<Event><![CDATA[CLICK]]></Event>
<EventKey><![CDATA[kefu01]]></EventKey>
</xml>
<<<<<<<2019-02-19 19:13:25
<xml><ToUserName><![CDATA[gh_9f3086a3aed4]]></ToUserName>
<FromUserName><![CDATA[o3hRJ6Co-bPbeUp9mnbJ6ESLIByk]]></FromUserName>
<CreateTime>1550574742</CreateTime>
<MsgType><![CDATA[event]]></MsgType>
<Event><![CDATA[CLICK]]></Event>
<EventKey><![CDATA[kefu01]]></EventKey>
</xml>
<<<<<<<2019-02-19 19:14:07
<xml><ToUserName><![CDATA[gh_9f3086a3aed4]]></ToUserName>
<FromUserName><![CDATA[o3hRJ6Co-bPbeUp9mnbJ6ESLIByk]]></FromUserName>
<CreateTime>1550574742</CreateTime>
<MsgType><![CDATA[event]]></MsgType>
<Event><![CDATA[CLICK]]></Event>
<EventKey><![CDATA[kefu01]]></EventKey>
</xml>
<<<<<<<2019-02-19 19:14:19
<xml><ToUserName><![CDATA[gh_9f3086a3aed4]]></ToUserName>
<FromUserName><![CDATA[o3hRJ6Co-bPbeUp9mnbJ6ESLIByk]]></FromUserName>
<CreateTime>1550574742</CreateTime>
<MsgType><![CDATA[event]]></MsgType>
<Event><![CDATA[CLICK]]></Event>
<EventKey><![CDATA[kefu01]]></EventKey>
</xml>
<<<<<<<2019-02-19 19:14:38
<xml><ToUserName><![CDATA[gh_9f3086a3aed4]]></ToUserName>
<FromUserName><![CDATA[o3hRJ6Co-bPbeUp9mnbJ6ESLIByk]]></FromUserName>
<CreateTime>1550574710</CreateTime>
<MsgType><![CDATA[text]]></MsgType>
<Content><![CDATA[看看]]></Content>
<MsgId>22198893617230286</MsgId>
</xml>

<<<<<<<2019-02-21 08:52:39
<xml><ToUserName><![CDATA[gh_9f3086a3aed4]]></ToUserName>
<FromUserName><![CDATA[o3hRJ6Co-bPbeUp9mnbJ6ESLIByk]]></FromUserName>
<CreateTime>1550710251</CreateTime>
<MsgType><![CDATA[image]]></MsgType>
<PicUrl><![CDATA[http://mmbiz.qpic.cn/mmbiz_jpg/z8tJp1iclIic8BqolLLKrGEicz2FX2ia9X1Jf3EWOxwkyiaKHRibtuOgNPXYrq8GdybiahlLSnx1Cp4UJlQ7eD07wQTyg/0]]></PicUrl>
<MsgId>22200836007047991</MsgId>
<MediaId><![CDATA[wIB4br7iuCVuTYMEkrmRzuABvZmDvxktmhgjU-h2xY5InxqmrKB97jWS95J6V2t1]]></MediaId>
</xml>



<<<<<<<2019-02-21 09:10:19
<xml><ToUserName><![CDATA[gh_9f3086a3aed4]]></ToUserName>
<FromUserName><![CDATA[o3hRJ6Co-bPbeUp9mnbJ6ESLIByk]]></FromUserName>
<CreateTime>1550710251</CreateTime>
<MsgType><![CDATA[image]]></MsgType>
<PicUrl><![CDATA[http://mmbiz.qpic.cn/mmbiz_jpg/z8tJp1iclIic8BqolLLKrGEicz2FX2ia9X1Jf3EWOxwkyiaKHRibtuOgNPXYrq8GdybiahlLSnx1Cp4UJlQ7eD07wQTyg/0]]></PicUrl>
<MsgId>22200836007047991</MsgId>
<MediaId><![CDATA[wIB4br7iuCVuTYMEkrmRzuABvZmDvxktmhgjU-h2xY5InxqmrKB97jWS95J6V2t1]]></MediaId>
</xml>
<<<<<<<2019-02-23 16:50:46
<xml><ToUserName><![CDATA[gh_9f3086a3aed4]]></ToUserName>
<FromUserName><![CDATA[o3hRJ6Co-bPbeUp9mnbJ6ESLIByk]]></FromUserName>
<CreateTime>1550710251</CreateTime>
<MsgType><![CDATA[image]]></MsgType>
<PicUrl><![CDATA[http://mmbiz.qpic.cn/mmbiz_jpg/z8tJp1iclIic8BqolLLKrGEicz2FX2ia9X1Jf3EWOxwkyiaKHRibtuOgNPXYrq8GdybiahlLSnx1Cp4UJlQ7eD07wQTyg/0]]></PicUrl>
<MsgId>22200836007047991</MsgId>
<MediaId><![CDATA[wIB4br7iuCVuTYMEkrmRzuABvZmDvxktmhgjU-h2xY5InxqmrKB97jWS95J6V2t1]]></MediaId>
</xml> 
<<<<<<<2019-02-25 09:29:23
<xml><ToUserName><![CDATA[gh_9f3086a3aed4]]></ToUserName>
<FromUserName><![CDATA[o3hRJ6Co-bPbeUp9mnbJ6ESLIByk]]></FromUserName>
<CreateTime>1551057699</CreateTime>
<MsgType><![CDATA[text]]></MsgType>
<Content><![CDATA[u]]></Content>
<MsgId>22205807791594877</MsgId>
</xml>
<<<<<<<2019-02-25 09:30:09
<xml><ToUserName><![CDATA[gh_9f3086a3aed4]]></ToUserName>
<FromUserName><![CDATA[o3hRJ6Co-bPbeUp9mnbJ6ESLIByk]]></FromUserName>
<CreateTime>1551057699</CreateTime>
<MsgType><![CDATA[text]]></MsgType>
<Content><![CDATA[u]]></Content>
<MsgId>22205807791594877</MsgId>
</xml>
<<<<<<<2019-02-25 09:34:58
<xml><ToUserName><![CDATA[gh_9f3086a3aed4]]></ToUserName>
<FromUserName><![CDATA[o3hRJ6Co-bPbeUp9mnbJ6ESLIByk]]></FromUserName>
<CreateTime>1551057699</CreateTime>
<MsgType><![CDATA[text]]></MsgType>
<Content><![CDATA[u]]></Content>
<MsgId>22205807791594877</MsgId>
</xml>
<<<<<<<2019-02-25 09:35:50
<xml><ToUserName><![CDATA[gh_9f3086a3aed4]]></ToUserName>
<FromUserName><![CDATA[o3hRJ6Co-bPbeUp9mnbJ6ESLIByk]]></FromUserName>
<CreateTime>1551057699</CreateTime>
<MsgType><![CDATA[text]]></MsgType>
<Content><![CDATA[哈哈哈哈]]></Content>
<MsgId>22205807791594877</MsgId>
</xml>
<<<<<<<2019-02-25 10:01:53
<xml><ToUserName><![CDATA[gh_9f3086a3aed4]]></ToUserName>
<FromUserName><![CDATA[o3hRJ6Co-bPbeUp9mnbJ6ESLIByk]]></FromUserName>
<CreateTime>1551057699</CreateTime>
<MsgType><![CDATA[text]]></MsgType>
<Content><![CDATA[爱死]]></Content>
<MsgId>22205807791594877</MsgId>
</xml>
<<<<<<<